<?xml version="1.0" encoding="UTF-8" standalone="no"?>
<!DOCTYPE log SYSTEM "logger.dtd">
<log>
<record>
  <date>2020-11-12T11:43:26</date>
  <millis>1605156206347</millis>
  <sequence>0</sequence>
  <level>START</level>
  <class>com.kms.katalon.core.logging.XmlKeywordLogger</class>
  <method>startSuite</method>
  <thread>1</thread>
  <message>Start Test Suite : Test Suites/Login/Login Success</message>
  <nestedLevel>0</nestedLevel>
  <property name="name">Login Success</property>
  <property name="description">Berhasil Login\r\n- Login Employee\r\n- Login Management \r\n- Login HC \r\n- Login Admin</property>
  <property name="id">Test Suites/Login/Login Success</property>
  <property name="stopImmediately">false</property>
</record>
<record>
  <date>2020-11-12T11:43:26</date>
  <millis>1605156206364</millis>
  <sequence>1</sequence>
  <level>RUN_DATA</level>
  <class>com.kms.katalon.core.logging.XmlKeywordLogger</class>
  <method>logMessage</method>
  <thread>1</thread>
  <message>hostName = ASUS - LAPTOP-0PGQ63H6</message>
  <nestedLevel>0</nestedLevel>
  <property name="hostName">ASUS - LAPTOP-0PGQ63H6</property>
</record>
<record>
  <date>2020-11-12T11:43:26</date>
  <millis>1605156206365</millis>
  <sequence>2</sequence>
  <level>RUN_DATA</level>
  <class>com.kms.katalon.core.logging.XmlKeywordLogger</class>
  <method>logMessage</method>
  <thread>1</thread>
  <message>os = Windows 10 64bit</message>
  <nestedLevel>0</nestedLevel>
  <property name="os">Windows 10 64bit</property>
</record>
<record>
  <date>2020-11-12T11:43:26</date>
  <millis>1605156206365</millis>
  <sequence>3</sequence>
  <level>RUN_DATA</level>
  <class>com.kms.katalon.core.logging.XmlKeywordLogger</class>
  <method>logMessage</method>
  <thread>1</thread>
  <message>hostAddress = 192.168.0.108</message>
  <nestedLevel>0</nestedLevel>
  <property name="hostAddress">192.168.0.108</property>
</record>
<record>
  <date>2020-11-12T11:43:26</date>
  <millis>1605156206366</millis>
  <sequence>4</sequence>
  <level>RUN_DATA</level>
  <class>com.kms.katalon.core.logging.XmlKeywordLogger</class>
  <method>logMessage</method>
  <thread>1</thread>
  <message>katalonVersion = 7.6.2.205</message>
  <nestedLevel>0</nestedLevel>
  <property name="katalonVersion">7.6.2.205</property>
</record>
<record>
  <date>2020-11-12T11:43:26</date>
  <millis>1605156206373</millis>
  <sequence>5</sequence>
  <level>START</level>
  <class>com.kms.katalon.core.logging.XmlKeywordLogger</class>
  <method>startKeyword</method>
  <thread>1</thread>
  <message>Start listener action : beforeExportKatalonReports</message>
  <nestedLevel>0</nestedLevel>
</record>
<record>
  <date>2020-11-12T11:43:26</date>
  <millis>1605156206382</millis>
  <sequence>7</sequence>
  <level>INFO</level>
  <class>com.kms.katalon.core.logging.XmlKeywordLogger</class>
  <method>logMessage</method>
  <thread>1</thread>
  <message>This Katalon Studio version has been deprecated. Please upgrade Katalon Studio to the latest version.</message>
  <nestedLevel>0</nestedLevel>
</record>
<record>
  <date>2020-11-12T11:43:26</date>
  <millis>1605156206386</millis>
  <sequence>9</sequence>
  <level>END</level>
  <class>com.kms.katalon.core.logging.XmlKeywordLogger</class>
  <method>endKeyword</method>
  <thread>1</thread>
  <message>End listener action : beforeExportKatalonReports</message>
  <nestedLevel>0</nestedLevel>
</record>
<record>
  <date>2020-11-12T11:43:26</date>
  <millis>1605156206607</millis>
  <sequence>10</sequence>
  <level>START</level>
  <class>com.kms.katalon.core.logging.XmlKeywordLogger</class>
  <method>startTest</method>
  <thread>1</thread>
  <message>Start Test Case : Test Cases/Login/Positive Case/Login Employee</message>
  <nestedLevel>1</nestedLevel>
  <property name="name">Test Cases/Login/Positive Case/Login Employee</property>
  <property name="description">Login Sebagai Employee\nusername : 3001\npassword : Password</property>
  <property name="id">Test Cases/Login/Positive Case/Login Employee</property>
  <property name="source">C:\\Users\\ASUS\\git\\PijarCorpu-Automation-Web\\Test Cases\\Login\\Positive Case\\Login Employee.tc</property>
  <property name="tag"></property>
  <property name="isOptional">false</property>
</record>
<record>
  <date>2020-11-12T11:43:27</date>
  <millis>1605156207013</millis>
  <sequence>12</sequence>
  <level>START</level>
  <class>com.kms.katalon.core.logging.XmlKeywordLogger</class>
  <method>startKeyword</method>
  <thread>1</thread>
  <message>Start action : openBrowser(\&amp;quot;\&amp;quot;)</message>
  <nestedLevel>1</nestedLevel>
  <property name="startLine">19</property>
  <property name="stepIndex">1</property>
</record>
<record>
  <date>2020-11-12T11:43:27</date>
  <millis>1605156207263</millis>
  <sequence>14</sequence>
  <level>INFO</level>
  <class>com.kms.katalon.core.logging.XmlKeywordLogger</class>
  <method>logMessage</method>
  <thread>1</thread>
  <message>Starting &amp;apos;Chrome&amp;apos; driver</message>
  <nestedLevel>1</nestedLevel>
</record>
<record>
  <date>2020-11-12T11:43:27</date>
  <millis>1605156207317</millis>
  <sequence>16</sequence>
  <level>INFO</level>
  <class>com.kms.katalon.core.logging.XmlKeywordLogger</class>
  <method>logMessage</method>
  <thread>1</thread>
  <message>Action delay is set to 0 milliseconds</message>
  <nestedLevel>1</nestedLevel>
</record>
<record>
  <date>2020-11-12T11:43:31</date>
  <millis>1605156211550</millis>
  <sequence>18</sequence>
  <level>RUN_DATA</level>
  <class>com.kms.katalon.core.logging.XmlKeywordLogger</class>
  <method>logMessage</method>
  <thread>1</thread>
  <message>sessionId = 6b35d1b98c1f30037b85fb5ef9302523</message>
  <nestedLevel>1</nestedLevel>
  <property name="sessionId">6b35d1b98c1f30037b85fb5ef9302523</property>
</record>
<record>
  <date>2020-11-12T11:43:31</date>
  <millis>1605156211594</millis>
  <sequence>19</sequence>
  <level>RUN_DATA</level>
  <class>com.kms.katalon.core.logging.XmlKeywordLogger</class>
  <method>logMessage</method>
  <thread>1</thread>
  <message>browser = Chrome 86.0.4240.183</message>
  <nestedLevel>1</nestedLevel>
  <property name="browser">Chrome 86.0.4240.183</property>
</record>
<record>
  <date>2020-11-12T11:43:31</date>
  <millis>1605156211595</millis>
  <sequence>20</sequence>
  <level>RUN_DATA</level>
  <class>com.kms.katalon.core.logging.XmlKeywordLogger</class>
  <method>logMessage</method>
  <thread>1</thread>
  <message>platform = Windows 10</message>
  <nestedLevel>1</nestedLevel>
  <property name="platform">Windows 10</property>
</record>
<record>
  <date>2020-11-12T11:43:31</date>
  <millis>1605156211595</millis>
  <sequence>21</sequence>
  <level>RUN_DATA</level>
  <class>com.kms.katalon.core.logging.XmlKeywordLogger</class>
  <method>logMessage</method>
  <thread>1</thread>
  <message>seleniumVersion = 3.141.59</message>
  <nestedLevel>1</nestedLevel>
  <property name="seleniumVersion">3.141.59</property>
</record>
<record>
  <date>2020-11-12T11:43:31</date>
  <millis>1605156211599</millis>
  <sequence>22</sequence>
  <level>RUN_DATA</level>
  <class>com.kms.katalon.core.logging.XmlKeywordLogger</class>
  <method>logMessage</method>
  <thread>1</thread>
  <message>proxyInformation = ProxyInformation { proxyOption=NO_PROXY, proxyServerType=HTTP, username=, password=********, proxyServerAddress=, proxyServerPort=0, executionList=\&amp;quot;\&amp;quot;, isApplyToDesiredCapabilities=true }</message>
  <nestedLevel>1</nestedLevel>
  <property name="proxyInformation">ProxyInformation { proxyOption=NO_PROXY, proxyServerType=HTTP, username=, password=********, proxyServerAddress=, proxyServerPort=0, executionList=\&quot;\&quot;, isApplyToDesiredCapabilities=true }</property>
</record>
<record>
  <date>2020-11-12T11:43:31</date>
  <millis>1605156211630</millis>
  <sequence>23</sequence>
  <level>PASSED</level>
  <class>com.kms.katalon.core.logging.XmlKeywordLogger</class>
  <method>logMessage</method>
  <thread>1</thread>
  <message>Browser is opened with url: &amp;apos;&amp;apos;</message>
  <nestedLevel>1</nestedLevel>
</record>
<record>
  <date>2020-11-12T11:43:31</date>
  <millis>1605156211631</millis>
  <sequence>24</sequence>
  <level>END</level>
  <class>com.kms.katalon.core.logging.XmlKeywordLogger</class>
  <method>endKeyword</method>
  <thread>1</thread>
  <message>End action : openBrowser(\&amp;quot;\&amp;quot;)</message>
  <nestedLevel>1</nestedLevel>
</record>
<record>
  <date>2020-11-12T11:43:31</date>
  <millis>1605156211632</millis>
  <sequence>25</sequence>
  <level>START</level>
  <class>com.kms.katalon.core.logging.XmlKeywordLogger</class>
  <method>startKeyword</method>
  <thread>1</thread>
  <message>Start action : navigateToUrl(\&amp;quot;http://learn-aja-frontend-dev.vsan-apps.playcourt.id/#/login\&amp;quot;)</message>
  <nestedLevel>1</nestedLevel>
  <property name="startLine">21</property>
  <property name="stepIndex">2</property>
</record>
<record>
  <date>2020-11-12T11:43:35</date>
  <millis>1605156215318</millis>
  <sequence>28</sequence>
  <level>PASSED</level>
  <class>com.kms.katalon.core.logging.XmlKeywordLogger</class>
  <method>logMessage</method>
  <thread>1</thread>
  <message>Navigate to &amp;apos;http://learn-aja-frontend-dev.vsan-apps.playcourt.id/#/login&amp;apos; successfully</message>
  <nestedLevel>1</nestedLevel>
</record>
<record>
  <date>2020-11-12T11:43:35</date>
  <millis>1605156215319</millis>
  <sequence>29</sequence>
  <level>END</level>
  <class>com.kms.katalon.core.logging.XmlKeywordLogger</class>
  <method>endKeyword</method>
  <thread>1</thread>
  <message>End action : navigateToUrl(\&amp;quot;http://learn-aja-frontend-dev.vsan-apps.playcourt.id/#/login\&amp;quot;)</message>
  <nestedLevel>1</nestedLevel>
</record>
<record>
  <date>2020-11-12T11:43:35</date>
  <millis>1605156215320</millis>
  <sequence>30</sequence>
  <level>START</level>
  <class>com.kms.katalon.core.logging.XmlKeywordLogger</class>
  <method>startKeyword</method>
  <thread>1</thread>
  <message>Start action : setText(findTestObject(\&amp;quot;Login/input_Login_username\&amp;quot;), \&amp;quot;3001\&amp;quot;)</message>
  <nestedLevel>1</nestedLevel>
  <property name="startLine">23</property>
  <property name="stepIndex">3</property>
</record>
<record>
  <date>2020-11-12T11:43:36</date>
  <millis>1605156216303</millis>
  <sequence>46</sequence>
  <level>PASSED</level>
  <class>com.kms.katalon.core.logging.XmlKeywordLogger</class>
  <method>logMessage</method>
  <thread>1</thread>
  <message>Text &amp;apos;3001&amp;apos; is set on object &amp;apos;Object Repository/Login/input_Login_username&amp;apos;</message>
  <nestedLevel>1</nestedLevel>
</record>
<record>
  <date>2020-11-12T11:43:36</date>
  <millis>1605156216303</millis>
  <sequence>47</sequence>
  <level>END</level>
  <class>com.kms.katalon.core.logging.XmlKeywordLogger</class>
  <method>endKeyword</method>
  <thread>1</thread>
  <message>End action : setText(findTestObject(\&amp;quot;Login/input_Login_username\&amp;quot;), \&amp;quot;3001\&amp;quot;)</message>
  <nestedLevel>1</nestedLevel>
</record>
<record>
  <date>2020-11-12T11:43:36</date>
  <millis>1605156216304</millis>
  <sequence>48</sequence>
  <level>START</level>
  <class>com.kms.katalon.core.logging.XmlKeywordLogger</class>
  <method>startKeyword</method>
  <thread>1</thread>
  <message>Start action : setText(findTestObject(\&amp;quot;Login/input_Login_password\&amp;quot;), \&amp;quot;Password\&amp;quot;)</message>
  <nestedLevel>1</nestedLevel>
  <property name="startLine">25</property>
  <property name="stepIndex">4</property>
</record>
<record>
  <date>2020-11-12T11:43:37</date>
  <millis>1605156217172</millis>
  <sequence>64</sequence>
  <level>PASSED</level>
  <class>com.kms.katalon.core.logging.XmlKeywordLogger</class>
  <method>logMessage</method>
  <thread>1</thread>
  <message>Text &amp;apos;Password&amp;apos; is set on object &amp;apos;Object Repository/Login/input_Login_password&amp;apos;</message>
  <nestedLevel>1</nestedLevel>
</record>
<record>
  <date>2020-11-12T11:43:37</date>
  <millis>1605156217173</millis>
  <sequence>65</sequence>
  <level>END</level>
  <class>com.kms.katalon.core.logging.XmlKeywordLogger</class>
  <method>endKeyword</method>
  <thread>1</thread>
  <message>End action : setText(findTestObject(\&amp;quot;Login/input_Login_password\&amp;quot;), \&amp;quot;Password\&amp;quot;)</message>
  <nestedLevel>1</nestedLevel>
</record>
<record>
  <date>2020-11-12T11:43:37</date>
  <millis>1605156217173</millis>
  <sequence>66</sequence>
  <level>START</level>
  <class>com.kms.katalon.core.logging.XmlKeywordLogger</class>
  <method>startKeyword</method>
  <thread>1</thread>
  <message>Start action : click(findTestObject(\&amp;quot;Login/button_Login\&amp;quot;))</message>
  <nestedLevel>1</nestedLevel>
  <property name="startLine">27</property>
  <property name="stepIndex">5</property>
</record>
<record>
  <date>2020-11-12T11:43:37</date>
  <millis>1605156217671</millis>
  <sequence>75</sequence>
  <level>PASSED</level>
  <class>com.kms.katalon.core.logging.XmlKeywordLogger</class>
  <method>logMessage</method>
  <thread>1</thread>
  <message>Object: &amp;apos;Object Repository/Login/button_Login&amp;apos; is clicked on</message>
  <nestedLevel>1</nestedLevel>
</record>
<record>
  <date>2020-11-12T11:43:37</date>
  <millis>1605156217674</millis>
  <sequence>76</sequence>
  <level>END</level>
  <class>com.kms.katalon.core.logging.XmlKeywordLogger</class>
  <method>endKeyword</method>
  <thread>1</thread>
  <message>End action : click(findTestObject(\&amp;quot;Login/button_Login\&amp;quot;))</message>
  <nestedLevel>1</nestedLevel>
</record>
<record>
  <date>2020-11-12T11:43:37</date>
  <millis>1605156217675</millis>
  <sequence>77</sequence>
  <level>START</level>
  <class>com.kms.katalon.core.logging.XmlKeywordLogger</class>
  <method>startKeyword</method>
  <thread>1</thread>
  <message>Start action : closeBrowser()</message>
  <nestedLevel>1</nestedLevel>
  <property name="startLine">29</property>
  <property name="stepIndex">6</property>
</record>
<record>
  <date>2020-11-12T11:43:38</date>
  <millis>1605156218320</millis>
  <sequence>79</sequence>
  <level>PASSED</level>
  <class>com.kms.katalon.core.logging.XmlKeywordLogger</class>
  <method>logMessage</method>
  <thread>1</thread>
  <message>Browser is closed</message>
  <nestedLevel>1</nestedLevel>
</record>
<record>
  <date>2020-11-12T11:43:38</date>
  <millis>1605156218321</millis>
  <sequence>80</sequence>
  <level>END</level>
  <class>com.kms.katalon.core.logging.XmlKeywordLogger</class>
  <method>endKeyword</method>
  <thread>1</thread>
  <message>End action : closeBrowser()</message>
  <nestedLevel>1</nestedLevel>
</record>
<record>
  <date>2020-11-12T11:43:38</date>
  <millis>1605156218321</millis>
  <sequence>81</sequence>
  <level>PASSED</level>
  <class>com.kms.katalon.core.logging.XmlKeywordLogger</class>
  <method>logMessage</method>
  <thread>1</thread>
  <message>Test Cases/Login/Positive Case/Login Employee</message>
  <nestedLevel>1</nestedLevel>
</record>
<record>
  <date>2020-11-12T11:43:38</date>
  <millis>1605156218322</millis>
  <sequence>82</sequence>
  <level>END</level>
  <class>com.kms.katalon.core.logging.XmlKeywordLogger</class>
  <method>endTest</method>
  <thread>1</thread>
  <message>End Test Case : Test Cases/Login/Positive Case/Login Employee</message>
  <nestedLevel>0</nestedLevel>
</record>
<record>
  <date>2020-11-12T11:43:38</date>
  <millis>1605156218331</millis>
  <sequence>83</sequence>
  <level>START</level>
  <class>com.kms.katalon.core.logging.XmlKeywordLogger</class>
  <method>startTest</method>
  <thread>1</thread>
  <message>Start Test Case : Test Cases/Login/Positive Case/Login Management</message>
  <nestedLevel>1</nestedLevel>
  <property name="name">Test Cases/Login/Positive Case/Login Management</property>
  <property name="description">Login Sebagai Management \nusername : 4001 \npassword : Password</property>
  <property name="id">Test Cases/Login/Positive Case/Login Management</property>
  <property name="source">C:\\Users\\ASUS\\git\\PijarCorpu-Automation-Web\\Test Cases\\Login\\Positive Case\\Login Management.tc</property>
  <property name="tag"></property>
  <property name="isOptional">false</property>
</record>
<record>
  <date>2020-11-12T11:43:38</date>
  <millis>1605156218525</millis>
  <sequence>85</sequence>
  <level>START</level>
  <class>com.kms.katalon.core.logging.XmlKeywordLogger</class>
  <method>startKeyword</method>
  <thread>1</thread>
  <message>Start action : openBrowser(\&amp;quot;\&amp;quot;)</message>
  <nestedLevel>1</nestedLevel>
  <property name="startLine">19</property>
  <property name="stepIndex">1</property>
</record>
<record>
  <date>2020-11-12T11:43:38</date>
  <millis>1605156218532</millis>
  <sequence>87</sequence>
  <level>INFO</level>
  <class>com.kms.katalon.core.logging.XmlKeywordLogger</class>
  <method>logMessage</method>
  <thread>1</thread>
  <message>Starting &amp;apos;Chrome&amp;apos; driver</message>
  <nestedLevel>1</nestedLevel>
</record>
<record>
  <date>2020-11-12T11:43:38</date>
  <millis>1605156218535</millis>
  <sequence>89</sequence>
  <level>INFO</level>
  <class>com.kms.katalon.core.logging.XmlKeywordLogger</class>
  <method>logMessage</method>
  <thread>1</thread>
  <message>Action delay is set to 0 milliseconds</message>
  <nestedLevel>1</nestedLevel>
</record>
<record>
  <date>2020-11-12T11:43:41</date>
  <millis>1605156221738</millis>
  <sequence>91</sequence>
  <level>RUN_DATA</level>
  <class>com.kms.katalon.core.logging.XmlKeywordLogger</class>
  <method>logMessage</method>
  <thread>1</thread>
  <message>sessionId = b79f4741777fce6dd995c7fa2a148ab5</message>
  <nestedLevel>1</nestedLevel>
  <property name="sessionId">b79f4741777fce6dd995c7fa2a148ab5</property>
</record>
<record>
  <date>2020-11-12T11:43:41</date>
  <millis>1605156221766</millis>
  <sequence>92</sequence>
  <level>RUN_DATA</level>
  <class>com.kms.katalon.core.logging.XmlKeywordLogger</class>
  <method>logMessage</method>
  <thread>1</thread>
  <message>browser = Chrome 86.0.4240.183</message>
  <nestedLevel>1</nestedLevel>
  <property name="browser">Chrome 86.0.4240.183</property>
</record>
<record>
  <date>2020-11-12T11:43:41</date>
  <millis>1605156221766</millis>
  <sequence>93</sequence>
  <level>RUN_DATA</level>
  <class>com.kms.katalon.core.logging.XmlKeywordLogger</class>
  <method>logMessage</method>
  <thread>1</thread>
  <message>platform = Windows 10</message>
  <nestedLevel>1</nestedLevel>
  <property name="platform">Windows 10</property>
</record>
<record>
  <date>2020-11-12T11:43:41</date>
  <millis>1605156221767</millis>
  <sequence>94</sequence>
  <level>RUN_DATA</level>
  <class>com.kms.katalon.core.logging.XmlKeywordLogger</class>
  <method>logMessage</method>
  <thread>1</thread>
  <message>seleniumVersion = 3.141.59</message>
  <nestedLevel>1</nestedLevel>
  <property name="seleniumVersion">3.141.59</property>
</record>
<record>
  <date>2020-11-12T11:43:41</date>
  <millis>1605156221770</millis>
  <sequence>95</sequence>
  <level>RUN_DATA</level>
  <class>com.kms.katalon.core.logging.XmlKeywordLogger</class>
  <method>logMessage</method>
  <thread>1</thread>
  <message>proxyInformation = ProxyInformation { proxyOption=NO_PROXY, proxyServerType=HTTP, username=, password=********, proxyServerAddress=, proxyServerPort=0, executionList=\&amp;quot;\&amp;quot;, isApplyToDesiredCapabilities=true }</message>
  <nestedLevel>1</nestedLevel>
  <property name="proxyInformation">ProxyInformation { proxyOption=NO_PROXY, proxyServerType=HTTP, username=, password=********, proxyServerAddress=, proxyServerPort=0, executionList=\&quot;\&quot;, isApplyToDesiredCapabilities=true }</property>
</record>
<record>
  <date>2020-11-12T11:43:41</date>
  <millis>1605156221799</millis>
  <sequence>96</sequence>
  <level>PASSED</level>
  <class>com.kms.katalon.core.logging.XmlKeywordLogger</class>
  <method>logMessage</method>
  <thread>1</thread>
  <message>Browser is opened with url: &amp;apos;&amp;apos;</message>
  <nestedLevel>1</nestedLevel>
</record>
<record>
  <date>2020-11-12T11:43:41</date>
  <millis>1605156221800</millis>
  <sequence>97</sequence>
  <level>END</level>
  <class>com.kms.katalon.core.logging.XmlKeywordLogger</class>
  <method>endKeyword</method>
  <thread>1</thread>
  <message>End action : openBrowser(\&amp;quot;\&amp;quot;)</message>
  <nestedLevel>1</nestedLevel>
</record>
<record>
  <date>2020-11-12T11:43:41</date>
  <millis>1605156221800</millis>
  <sequence>98</sequence>
  <level>START</level>
  <class>com.kms.katalon.core.logging.XmlKeywordLogger</class>
  <method>startKeyword</method>
  <thread>1</thread>
  <message>Start action : navigateToUrl(\&amp;quot;http://learn-aja-frontend-dev.vsan-apps.playcourt.id/#/login\&amp;quot;)</message>
  <nestedLevel>1</nestedLevel>
  <property name="startLine">21</property>
  <property name="stepIndex">2</property>
</record>
<record>
  <date>2020-11-12T11:43:44</date>
  <millis>1605156224515</millis>
  <sequence>101</sequence>
  <level>PASSED</level>
  <class>com.kms.katalon.core.logging.XmlKeywordLogger</class>
  <method>logMessage</method>
  <thread>1</thread>
  <message>Navigate to &amp;apos;http://learn-aja-frontend-dev.vsan-apps.playcourt.id/#/login&amp;apos; successfully</message>
  <nestedLevel>1</nestedLevel>
</record>
<record>
  <date>2020-11-12T11:43:44</date>
  <millis>1605156224516</millis>
  <sequence>102</sequence>
  <level>END</level>
  <class>com.kms.katalon.core.logging.XmlKeywordLogger</class>
  <method>endKeyword</method>
  <thread>1</thread>
  <message>End action : navigateToUrl(\&amp;quot;http://learn-aja-frontend-dev.vsan-apps.playcourt.id/#/login\&amp;quot;)</message>
  <nestedLevel>1</nestedLevel>
</record>
<record>
  <date>2020-11-12T11:43:44</date>
  <millis>1605156224516</millis>
  <sequence>103</sequence>
  <level>START</level>
  <class>com.kms.katalon.core.logging.XmlKeywordLogger</class>
  <method>startKeyword</method>
  <thread>1</thread>
  <message>Start action : setText(findTestObject(\&amp;quot;Login/input_Login_username\&amp;quot;), \&amp;quot;4001\&amp;quot;)</message>
  <nestedLevel>1</nestedLevel>
  <property name="startLine">23</property>
  <property name="stepIndex">3</property>
</record>
<record>
  <date>2020-11-12T11:43:45</date>
  <millis>1605156225403</millis>
  <sequence>119</sequence>
  <level>PASSED</level>
  <class>com.kms.katalon.core.logging.XmlKeywordLogger</class>
  <method>logMessage</method>
  <thread>1</thread>
  <message>Text &amp;apos;4001&amp;apos; is set on object &amp;apos;Object Repository/Login/input_Login_username&amp;apos;</message>
  <nestedLevel>1</nestedLevel>
</record>
<record>
  <date>2020-11-12T11:43:45</date>
  <millis>1605156225404</millis>
  <sequence>120</sequence>
  <level>END</level>
  <class>com.kms.katalon.core.logging.XmlKeywordLogger</class>
  <method>endKeyword</method>
  <thread>1</thread>
  <message>End action : setText(findTestObject(\&amp;quot;Login/input_Login_username\&amp;quot;), \&amp;quot;4001\&amp;quot;)</message>
  <nestedLevel>1</nestedLevel>
</record>
<record>
  <date>2020-11-12T11:43:45</date>
  <millis>1605156225404</millis>
  <sequence>121</sequence>
  <level>START</level>
  <class>com.kms.katalon.core.logging.XmlKeywordLogger</class>
  <method>startKeyword</method>
  <thread>1</thread>
  <message>Start action : setText(findTestObject(\&amp;quot;Login/input_Login_password\&amp;quot;), \&amp;quot;Password\&amp;quot;)</message>
  <nestedLevel>1</nestedLevel>
  <property name="startLine">25</property>
  <property name="stepIndex">4</property>
</record>
<record>
  <date>2020-11-12T11:43:46</date>
  <millis>1605156226127</millis>
  <sequence>137</sequence>
  <level>PASSED</level>
  <class>com.kms.katalon.core.logging.XmlKeywordLogger</class>
  <method>logMessage</method>
  <thread>1</thread>
  <message>Text &amp;apos;Password&amp;apos; is set on object &amp;apos;Object Repository/Login/input_Login_password&amp;apos;</message>
  <nestedLevel>1</nestedLevel>
</record>
<record>
  <date>2020-11-12T11:43:46</date>
  <millis>1605156226127</millis>
  <sequence>138</sequence>
  <level>END</level>
  <class>com.kms.katalon.core.logging.XmlKeywordLogger</class>
  <method>endKeyword</method>
  <thread>1</thread>
  <message>End action : setText(findTestObject(\&amp;quot;Login/input_Login_password\&amp;quot;), \&amp;quot;Password\&amp;quot;)</message>
  <nestedLevel>1</nestedLevel>
</record>
<record>
  <date>2020-11-12T11:43:46</date>
  <millis>1605156226127</millis>
  <sequence>139</sequence>
  <level>START</level>
  <class>com.kms.katalon.core.logging.XmlKeywordLogger</class>
  <method>startKeyword</method>
  <thread>1</thread>
  <message>Start action : click(findTestObject(\&amp;quot;Login/button_Login\&amp;quot;))</message>
  <nestedLevel>1</nestedLevel>
  <property name="startLine">27</property>
  <property name="stepIndex">5</property>
</record>
<record>
  <date>2020-11-12T11:43:46</date>
  <millis>1605156226499</millis>
  <sequence>148</sequence>
  <level>PASSED</level>
  <class>com.kms.katalon.core.logging.XmlKeywordLogger</class>
  <method>logMessage</method>
  <thread>1</thread>
  <message>Object: &amp;apos;Object Repository/Login/button_Login&amp;apos; is clicked on</message>
  <nestedLevel>1</nestedLevel>
</record>
<record>
  <date>2020-11-12T11:43:46</date>
  <millis>1605156226499</millis>
  <sequence>149</sequence>
  <level>END</level>
  <class>com.kms.katalon.core.logging.XmlKeywordLogger</class>
  <method>endKeyword</method>
  <thread>1</thread>
  <message>End action : click(findTestObject(\&amp;quot;Login/button_Login\&amp;quot;))</message>
  <nestedLevel>1</nestedLevel>
</record>
<record>
  <date>2020-11-12T11:43:46</date>
  <millis>1605156226499</millis>
  <sequence>150</sequence>
  <level>START</level>
  <class>com.kms.katalon.core.logging.XmlKeywordLogger</class>
  <method>startKeyword</method>
  <thread>1</thread>
  <message>Start action : closeBrowser()</message>
  <nestedLevel>1</nestedLevel>
  <property name="startLine">29</property>
  <property name="stepIndex">6</property>
</record>
<record>
  <date>2020-11-12T11:43:47</date>
  <millis>1605156227160</millis>
  <sequence>152</sequence>
  <level>PASSED</level>
  <class>com.kms.katalon.core.logging.XmlKeywordLogger</class>
  <method>logMessage</method>
  <thread>1</thread>
  <message>Browser is closed</message>
  <nestedLevel>1</nestedLevel>
</record>
<record>
  <date>2020-11-12T11:43:47</date>
  <millis>1605156227160</millis>
  <sequence>153</sequence>
  <level>END</level>
  <class>com.kms.katalon.core.logging.XmlKeywordLogger</class>
  <method>endKeyword</method>
  <thread>1</thread>
  <message>End action : closeBrowser()</message>
  <nestedLevel>1</nestedLevel>
</record>
<record>
  <date>2020-11-12T11:43:47</date>
  <millis>1605156227161</millis>
  <sequence>154</sequence>
  <level>PASSED</level>
  <class>com.kms.katalon.core.logging.XmlKeywordLogger</class>
  <method>logMessage</method>
  <thread>1</thread>
  <message>Test Cases/Login/Positive Case/Login Management</message>
  <nestedLevel>1</nestedLevel>
</record>
<record>
  <date>2020-11-12T11:43:47</date>
  <millis>1605156227162</millis>
  <sequence>155</sequence>
  <level>END</level>
  <class>com.kms.katalon.core.logging.XmlKeywordLogger</class>
  <method>endTest</method>
  <thread>1</thread>
  <message>End Test Case : Test Cases/Login/Positive Case/Login Management</message>
  <nestedLevel>0</nestedLevel>
</record>
<record>
  <date>2020-11-12T11:43:47</date>
  <millis>1605156227174</millis>
  <sequence>156</sequence>
  <level>START</level>
  <class>com.kms.katalon.core.logging.XmlKeywordLogger</class>
  <method>startTest</method>
  <thread>1</thread>
  <message>Start Test Case : Test Cases/Login/Positive Case/Login HC</message>
  <nestedLevel>1</nestedLevel>
  <property name="name">Test Cases/Login/Positive Case/Login HC</property>
  <property name="description">Login Sebagai Human Capital \nusername : 2001 \npassword : Password</property>
  <property name="id">Test Cases/Login/Positive Case/Login HC</property>
  <property name="source">C:\\Users\\ASUS\\git\\PijarCorpu-Automation-Web\\Test Cases\\Login\\Positive Case\\Login HC.tc</property>
  <property name="tag"></property>
  <property name="isOptional">false</property>
</record>
<record>
  <date>2020-11-12T11:43:47</date>
  <millis>1605156227374</millis>
  <sequence>158</sequence>
  <level>START</level>
  <class>com.kms.katalon.core.logging.XmlKeywordLogger</class>
  <method>startKeyword</method>
  <thread>1</thread>
  <message>Start action : openBrowser(\&amp;quot;\&amp;quot;)</message>
  <nestedLevel>1</nestedLevel>
  <property name="startLine">19</property>
  <property name="stepIndex">1</property>
</record>
<record>
  <date>2020-11-12T11:43:47</date>
  <millis>1605156227380</millis>
  <sequence>160</sequence>
  <level>INFO</level>
  <class>com.kms.katalon.core.logging.XmlKeywordLogger</class>
  <method>logMessage</method>
  <thread>1</thread>
  <message>Starting &amp;apos;Chrome&amp;apos; driver</message>
  <nestedLevel>1</nestedLevel>
</record>
<record>
  <date>2020-11-12T11:43:47</date>
  <millis>1605156227382</millis>
  <sequence>162</sequence>
  <level>INFO</level>
  <class>com.kms.katalon.core.logging.XmlKeywordLogger</class>
  <method>logMessage</method>
  <thread>1</thread>
  <message>Action delay is set to 0 milliseconds</message>
  <nestedLevel>1</nestedLevel>
</record>
<record>
  <date>2020-11-12T11:43:50</date>
  <millis>1605156230578</millis>
  <sequence>164</sequence>
  <level>RUN_DATA</level>
  <class>com.kms.katalon.core.logging.XmlKeywordLogger</class>
  <method>logMessage</method>
  <thread>1</thread>
  <message>sessionId = 1ff453440e2e2eae8c18ae36cbda18a2</message>
  <nestedLevel>1</nestedLevel>
  <property name="sessionId">1ff453440e2e2eae8c18ae36cbda18a2</property>
</record>
<record>
  <date>2020-11-12T11:43:50</date>
  <millis>1605156230615</millis>
  <sequence>165</sequence>
  <level>RUN_DATA</level>
  <class>com.kms.katalon.core.logging.XmlKeywordLogger</class>
  <method>logMessage</method>
  <thread>1</thread>
  <message>browser = Chrome 86.0.4240.183</message>
  <nestedLevel>1</nestedLevel>
  <property name="browser">Chrome 86.0.4240.183</property>
</record>
<record>
  <date>2020-11-12T11:43:50</date>
  <millis>1605156230616</millis>
  <sequence>166</sequence>
  <level>RUN_DATA</level>
  <class>com.kms.katalon.core.logging.XmlKeywordLogger</class>
  <method>logMessage</method>
  <thread>1</thread>
  <message>platform = Windows 10</message>
  <nestedLevel>1</nestedLevel>
  <property name="platform">Windows 10</property>
</record>
<record>
  <date>2020-11-12T11:43:50</date>
  <millis>1605156230616</millis>
  <sequence>167</sequence>
  <level>RUN_DATA</level>
  <class>com.kms.katalon.core.logging.XmlKeywordLogger</class>
  <method>logMessage</method>
  <thread>1</thread>
  <message>seleniumVersion = 3.141.59</message>
  <nestedLevel>1</nestedLevel>
  <property name="seleniumVersion">3.141.59</property>
</record>
<record>
  <date>2020-11-12T11:43:50</date>
  <millis>1605156230616</millis>
  <sequence>168</sequence>
  <level>RUN_DATA</level>
  <class>com.kms.katalon.core.logging.XmlKeywordLogger</class>
  <method>logMessage</method>
  <thread>1</thread>
  <message>proxyInformation = ProxyInformation { proxyOption=NO_PROXY, proxyServerType=HTTP, username=, password=********, proxyServerAddress=, proxyServerPort=0, executionList=\&amp;quot;\&amp;quot;, isApplyToDesiredCapabilities=true }</message>
  <nestedLevel>1</nestedLevel>
  <property name="proxyInformation">ProxyInformation { proxyOption=NO_PROXY, proxyServerType=HTTP, username=, password=********, proxyServerAddress=, proxyServerPort=0, executionList=\&quot;\&quot;, isApplyToDesiredCapabilities=true }</property>
</record>
<record>
  <date>2020-11-12T11:43:50</date>
  <millis>1605156230657</millis>
  <sequence>169</sequence>
  <level>PASSED</level>
  <class>com.kms.katalon.core.logging.XmlKeywordLogger</class>
  <method>logMessage</method>
  <thread>1</thread>
  <message>Browser is opened with url: &amp;apos;&amp;apos;</message>
  <nestedLevel>1</nestedLevel>
</record>
<record>
  <date>2020-11-12T11:43:50</date>
  <millis>1605156230657</millis>
  <sequence>170</sequence>
  <level>END</level>
  <class>com.kms.katalon.core.logging.XmlKeywordLogger</class>
  <method>endKeyword</method>
  <thread>1</thread>
  <message>End action : openBrowser(\&amp;quot;\&amp;quot;)</message>
  <nestedLevel>1</nestedLevel>
</record>
<record>
  <date>2020-11-12T11:43:50</date>
  <millis>1605156230658</millis>
  <sequence>171</sequence>
  <level>START</level>
  <class>com.kms.katalon.core.logging.XmlKeywordLogger</class>
  <method>startKeyword</method>
  <thread>1</thread>
  <message>Start action : navigateToUrl(\&amp;quot;http://learn-aja-frontend-dev.vsan-apps.playcourt.id/#/login\&amp;quot;)</message>
  <nestedLevel>1</nestedLevel>
  <property name="startLine">21</property>
  <property name="stepIndex">2</property>
</record>
<record>
  <date>2020-11-12T11:43:52</date>
  <millis>1605156232734</millis>
  <sequence>174</sequence>
  <level>PASSED</level>
  <class>com.kms.katalon.core.logging.XmlKeywordLogger</class>
  <method>logMessage</method>
  <thread>1</thread>
  <message>Navigate to &amp;apos;http://learn-aja-frontend-dev.vsan-apps.playcourt.id/#/login&amp;apos; successfully</message>
  <nestedLevel>1</nestedLevel>
</record>
<record>
  <date>2020-11-12T11:43:52</date>
  <millis>1605156232735</millis>
  <sequence>175</sequence>
  <level>END</level>
  <class>com.kms.katalon.core.logging.XmlKeywordLogger</class>
  <method>endKeyword</method>
  <thread>1</thread>
  <message>End action : navigateToUrl(\&amp;quot;http://learn-aja-frontend-dev.vsan-apps.playcourt.id/#/login\&amp;quot;)</message>
  <nestedLevel>1</nestedLevel>
</record>
<record>
  <date>2020-11-12T11:43:52</date>
  <millis>1605156232736</millis>
  <sequence>176</sequence>
  <level>START</level>
  <class>com.kms.katalon.core.logging.XmlKeywordLogger</class>
  <method>startKeyword</method>
  <thread>1</thread>
  <message>Start action : setText(findTestObject(\&amp;quot;Login/input_Login_username\&amp;quot;), \&amp;quot;2001\&amp;quot;)</message>
  <nestedLevel>1</nestedLevel>
  <property name="startLine">23</property>
  <property name="stepIndex">3</property>
</record>
<record>
  <date>2020-11-12T11:43:53</date>
  <millis>1605156233624</millis>
  <sequence>192</sequence>
  <level>PASSED</level>
  <class>com.kms.katalon.core.logging.XmlKeywordLogger</class>
  <method>logMessage</method>
  <thread>1</thread>
  <message>Text &amp;apos;2001&amp;apos; is set on object &amp;apos;Object Repository/Login/input_Login_username&amp;apos;</message>
  <nestedLevel>1</nestedLevel>
</record>
<record>
  <date>2020-11-12T11:43:53</date>
  <millis>1605156233627</millis>
  <sequence>193</sequence>
  <level>END</level>
  <class>com.kms.katalon.core.logging.XmlKeywordLogger</class>
  <method>endKeyword</method>
  <thread>1</thread>
  <message>End action : setText(findTestObject(\&amp;quot;Login/input_Login_username\&amp;quot;), \&amp;quot;2001\&amp;quot;)</message>
  <nestedLevel>1</nestedLevel>
</record>
<record>
  <date>2020-11-12T11:43:53</date>
  <millis>1605156233628</millis>
  <sequence>194</sequence>
  <level>START</level>
  <class>com.kms.katalon.core.logging.XmlKeywordLogger</class>
  <method>startKeyword</method>
  <thread>1</thread>
  <message>Start action : setText(findTestObject(\&amp;quot;Login/input_Login_password\&amp;quot;), \&amp;quot;Password\&amp;quot;)</message>
  <nestedLevel>1</nestedLevel>
  <property name="startLine">25</property>
  <property name="stepIndex">4</property>
</record>
<record>
  <date>2020-11-12T11:43:54</date>
  <millis>1605156234486</millis>
  <sequence>210</sequence>
  <level>PASSED</level>
  <class>com.kms.katalon.core.logging.XmlKeywordLogger</class>
  <method>logMessage</method>
  <thread>1</thread>
  <message>Text &amp;apos;Password&amp;apos; is set on object &amp;apos;Object Repository/Login/input_Login_password&amp;apos;</message>
  <nestedLevel>1</nestedLevel>
</record>
<record>
  <date>2020-11-12T11:43:54</date>
  <millis>1605156234487</millis>
  <sequence>211</sequence>
  <level>END</level>
  <class>com.kms.katalon.core.logging.XmlKeywordLogger</class>
  <method>endKeyword</method>
  <thread>1</thread>
  <message>End action : setText(findTestObject(\&amp;quot;Login/input_Login_password\&amp;quot;), \&amp;quot;Password\&amp;quot;)</message>
  <nestedLevel>1</nestedLevel>
</record>
<record>
  <date>2020-11-12T11:43:54</date>
  <millis>1605156234487</millis>
  <sequence>212</sequence>
  <level>START</level>
  <class>com.kms.katalon.core.logging.XmlKeywordLogger</class>
  <method>startKeyword</method>
  <thread>1</thread>
  <message>Start action : click(findTestObject(\&amp;quot;Login/button_Login\&amp;quot;))</message>
  <nestedLevel>1</nestedLevel>
  <property name="startLine">27</property>
  <property name="stepIndex">5</property>
</record>
<record>
  <date>2020-11-12T11:43:54</date>
  <millis>1605156234945</millis>
  <sequence>221</sequence>
  <level>PASSED</level>
  <class>com.kms.katalon.core.logging.XmlKeywordLogger</class>
  <method>logMessage</method>
  <thread>1</thread>
  <message>Object: &amp;apos;Object Repository/Login/button_Login&amp;apos; is clicked on</message>
  <nestedLevel>1</nestedLevel>
</record>
<record>
  <date>2020-11-12T11:43:54</date>
  <millis>1605156234945</millis>
  <sequence>222</sequence>
  <level>END</level>
  <class>com.kms.katalon.core.logging.XmlKeywordLogger</class>
  <method>endKeyword</method>
  <thread>1</thread>
  <message>End action : click(findTestObject(\&amp;quot;Login/button_Login\&amp;quot;))</message>
  <nestedLevel>1</nestedLevel>
</record>
<record>
  <date>2020-11-12T11:43:54</date>
  <millis>1605156234946</millis>
  <sequence>223</sequence>
  <level>START</level>
  <class>com.kms.katalon.core.logging.XmlKeywordLogger</class>
  <method>startKeyword</method>
  <thread>1</thread>
  <message>Start action : closeBrowser()</message>
  <nestedLevel>1</nestedLevel>
  <property name="startLine">29</property>
  <property name="stepIndex">6</property>
</record>
<record>
  <date>2020-11-12T11:43:55</date>
  <millis>1605156235570</millis>
  <sequence>225</sequence>
  <level>PASSED</level>
  <class>com.kms.katalon.core.logging.XmlKeywordLogger</class>
  <method>logMessage</method>
  <thread>1</thread>
  <message>Browser is closed</message>
  <nestedLevel>1</nestedLevel>
</record>
<record>
  <date>2020-11-12T11:43:55</date>
  <millis>1605156235571</millis>
  <sequence>226</sequence>
  <level>END</level>
  <class>com.kms.katalon.core.logging.XmlKeywordLogger</class>
  <method>endKeyword</method>
  <thread>1</thread>
  <message>End action : closeBrowser()</message>
  <nestedLevel>1</nestedLevel>
</record>
<record>
  <date>2020-11-12T11:43:55</date>
  <millis>1605156235571</millis>
  <sequence>227</sequence>
  <level>PASSED</level>
  <class>com.kms.katalon.core.logging.XmlKeywordLogger</class>
  <method>logMessage</method>
  <thread>1</thread>
  <message>Test Cases/Login/Positive Case/Login HC</message>
  <nestedLevel>1</nestedLevel>
</record>
<record>
  <date>2020-11-12T11:43:55</date>
  <millis>1605156235572</millis>
  <sequence>228</sequence>
  <level>END</level>
  <class>com.kms.katalon.core.logging.XmlKeywordLogger</class>
  <method>endTest</method>
  <thread>1</thread>
  <message>End Test Case : Test Cases/Login/Positive Case/Login HC</message>
  <nestedLevel>0</nestedLevel>
</record>
<record>
  <date>2020-11-12T11:43:55</date>
  <millis>1605156235584</millis>
  <sequence>229</sequence>
  <level>START</level>
  <class>com.kms.katalon.core.logging.XmlKeywordLogger</class>
  <method>startTest</method>
  <thread>1</thread>
  <message>Start Test Case : Test Cases/Login/Positive Case/Login Admin</message>
  <nestedLevel>1</nestedLevel>
  <property name="name">Test Cases/Login/Positive Case/Login Admin</property>
  <property name="description">Login Sebagai Admin \nusername : 1001 \npassword : Password</property>
  <property name="id">Test Cases/Login/Positive Case/Login Admin</property>
  <property name="source">C:\\Users\\ASUS\\git\\PijarCorpu-Automation-Web\\Test Cases\\Login\\Positive Case\\Login Admin.tc</property>
  <property name="tag"></property>
  <property name="isOptional">false</property>
</record>
<record>
  <date>2020-11-12T11:43:55</date>
  <millis>1605156235784</millis>
  <sequence>231</sequence>
  <level>START</level>
  <class>com.kms.katalon.core.logging.XmlKeywordLogger</class>
  <method>startKeyword</method>
  <thread>1</thread>
  <message>Start action : openBrowser(\&amp;quot;\&amp;quot;)</message>
  <nestedLevel>1</nestedLevel>
  <property name="startLine">19</property>
  <property name="stepIndex">1</property>
</record>
<record>
  <date>2020-11-12T11:43:55</date>
  <millis>1605156235789</millis>
  <sequence>233</sequence>
  <level>INFO</level>
  <class>com.kms.katalon.core.logging.XmlKeywordLogger</class>
  <method>logMessage</method>
  <thread>1</thread>
  <message>Starting &amp;apos;Chrome&amp;apos; driver</message>
  <nestedLevel>1</nestedLevel>
</record>
<record>
  <date>2020-11-12T11:43:55</date>
  <millis>1605156235791</millis>
  <sequence>235</sequence>
  <level>INFO</level>
  <class>com.kms.katalon.core.logging.XmlKeywordLogger</class>
  <method>logMessage</method>
  <thread>1</thread>
  <message>Action delay is set to 0 milliseconds</message>
  <nestedLevel>1</nestedLevel>
</record>
<record>
  <date>2020-11-12T11:43:58</date>
  <millis>1605156238974</millis>
  <sequence>237</sequence>
  <level>RUN_DATA</level>
  <class>com.kms.katalon.core.logging.XmlKeywordLogger</class>
  <method>logMessage</method>
  <thread>1</thread>
  <message>sessionId = 45a38f84df322d7debf35a5dc43b6f47</message>
  <nestedLevel>1</nestedLevel>
  <property name="sessionId">45a38f84df322d7debf35a5dc43b6f47</property>
</record>
<record>
  <date>2020-11-12T11:43:58</date>
  <millis>1605156238997</millis>
  <sequence>238</sequence>
  <level>RUN_DATA</level>
  <class>com.kms.katalon.core.logging.XmlKeywordLogger</class>
  <method>logMessage</method>
  <thread>1</thread>
  <message>browser = Chrome 86.0.4240.183</message>
  <nestedLevel>1</nestedLevel>
  <property name="browser">Chrome 86.0.4240.183</property>
</record>
<record>
  <date>2020-11-12T11:43:58</date>
  <millis>1605156238997</millis>
  <sequence>239</sequence>
  <level>RUN_DATA</level>
  <class>com.kms.katalon.core.logging.XmlKeywordLogger</class>
  <method>logMessage</method>
  <thread>1</thread>
  <message>platform = Windows 10</message>
  <nestedLevel>1</nestedLevel>
  <property name="platform">Windows 10</property>
</record>
<record>
  <date>2020-11-12T11:43:58</date>
  <millis>1605156238997</millis>
  <sequence>240</sequence>
  <level>RUN_DATA</level>
  <class>com.kms.katalon.core.logging.XmlKeywordLogger</class>
  <method>logMessage</method>
  <thread>1</thread>
  <message>seleniumVersion = 3.141.59</message>
  <nestedLevel>1</nestedLevel>
  <property name="seleniumVersion">3.141.59</property>
</record>
<record>
  <date>2020-11-12T11:43:58</date>
  <millis>1605156238998</millis>
  <sequence>241</sequence>
  <level>RUN_DATA</level>
  <class>com.kms.katalon.core.logging.XmlKeywordLogger</class>
  <method>logMessage</method>
  <thread>1</thread>
  <message>proxyInformation = ProxyInformation { proxyOption=NO_PROXY, proxyServerType=HTTP, username=, password=********, proxyServerAddress=, proxyServerPort=0, executionList=\&amp;quot;\&amp;quot;, isApplyToDesiredCapabilities=true }</message>
  <nestedLevel>1</nestedLevel>
  <property name="proxyInformation">ProxyInformation { proxyOption=NO_PROXY, proxyServerType=HTTP, username=, password=********, proxyServerAddress=, proxyServerPort=0, executionList=\&quot;\&quot;, isApplyToDesiredCapabilities=true }</property>
</record>
<record>
  <date>2020-11-12T11:43:59</date>
  <millis>1605156239020</millis>
  <sequence>242</sequence>
  <level>PASSED</level>
  <class>com.kms.katalon.core.logging.XmlKeywordLogger</class>
  <method>logMessage</method>
  <thread>1</thread>
  <message>Browser is opened with url: &amp;apos;&amp;apos;</message>
  <nestedLevel>1</nestedLevel>
</record>
<record>
  <date>2020-11-12T11:43:59</date>
  <millis>1605156239021</millis>
  <sequence>243</sequence>
  <level>END</level>
  <class>com.kms.katalon.core.logging.XmlKeywordLogger</class>
  <method>endKeyword</method>
  <thread>1</thread>
  <message>End action : openBrowser(\&amp;quot;\&amp;quot;)</message>
  <nestedLevel>1</nestedLevel>
</record>
<record>
  <date>2020-11-12T11:43:59</date>
  <millis>1605156239021</millis>
  <sequence>244</sequence>
  <level>START</level>
  <class>com.kms.katalon.core.logging.XmlKeywordLogger</class>
  <method>startKeyword</method>
  <thread>1</thread>
  <message>Start action : navigateToUrl(\&amp;quot;http://learn-aja-frontend-dev.vsan-apps.playcourt.id/#/login\&amp;quot;)</message>
  <nestedLevel>1</nestedLevel>
  <property name="startLine">21</property>
  <property name="stepIndex">2</property>
</record>
<record>
  <date>2020-11-12T11:44:00</date>
  <millis>1605156240999</millis>
  <sequence>247</sequence>
  <level>PASSED</level>
  <class>com.kms.katalon.core.logging.XmlKeywordLogger</class>
  <method>logMessage</method>
  <thread>1</thread>
  <message>Navigate to &amp;apos;http://learn-aja-frontend-dev.vsan-apps.playcourt.id/#/login&amp;apos; successfully</message>
  <nestedLevel>1</nestedLevel>
</record>
<record>
  <date>2020-11-12T11:44:01</date>
  <millis>1605156241000</millis>
  <sequence>248</sequence>
  <level>END</level>
  <class>com.kms.katalon.core.logging.XmlKeywordLogger</class>
  <method>endKeyword</method>
  <thread>1</thread>
  <message>End action : navigateToUrl(\&amp;quot;http://learn-aja-frontend-dev.vsan-apps.playcourt.id/#/login\&amp;quot;)</message>
  <nestedLevel>1</nestedLevel>
</record>
<record>
  <date>2020-11-12T11:44:01</date>
  <millis>1605156241000</millis>
  <sequence>249</sequence>
  <level>START</level>
  <class>com.kms.katalon.core.logging.XmlKeywordLogger</class>
  <method>startKeyword</method>
  <thread>1</thread>
  <message>Start action : setText(findTestObject(\&amp;quot;Login/input_Login_username\&amp;quot;), \&amp;quot;1001\&amp;quot;)</message>
  <nestedLevel>1</nestedLevel>
  <property name="startLine">23</property>
  <property name="stepIndex">3</property>
</record>
<record>
  <date>2020-11-12T11:44:01</date>
  <millis>1605156241716</millis>
  <sequence>265</sequence>
  <level>PASSED</level>
  <class>com.kms.katalon.core.logging.XmlKeywordLogger</class>
  <method>logMessage</method>
  <thread>1</thread>
  <message>Text &amp;apos;1001&amp;apos; is set on object &amp;apos;Object Repository/Login/input_Login_username&amp;apos;</message>
  <nestedLevel>1</nestedLevel>
</record>
<record>
  <date>2020-11-12T11:44:01</date>
  <millis>1605156241716</millis>
  <sequence>266</sequence>
  <level>END</level>
  <class>com.kms.katalon.core.logging.XmlKeywordLogger</class>
  <method>endKeyword</method>
  <thread>1</thread>
  <message>End action : setText(findTestObject(\&amp;quot;Login/input_Login_username\&amp;quot;), \&amp;quot;1001\&amp;quot;)</message>
  <nestedLevel>1</nestedLevel>
</record>
<record>
  <date>2020-11-12T11:44:01</date>
  <millis>1605156241716</millis>
  <sequence>267</sequence>
  <level>START</level>
  <class>com.kms.katalon.core.logging.XmlKeywordLogger</class>
  <method>startKeyword</method>
  <thread>1</thread>
  <message>Start action : setText(findTestObject(\&amp;quot;Login/input_Login_password\&amp;quot;), \&amp;quot;Password\&amp;quot;)</message>
  <nestedLevel>1</nestedLevel>
  <property name="startLine">25</property>
  <property name="stepIndex">4</property>
</record>
<record>
  <date>2020-11-12T11:44:02</date>
  <millis>1605156242408</millis>
  <sequence>283</sequence>
  <level>PASSED</level>
  <class>com.kms.katalon.core.logging.XmlKeywordLogger</class>
  <method>logMessage</method>
  <thread>1</thread>
  <message>Text &amp;apos;Password&amp;apos; is set on object &amp;apos;Object Repository/Login/input_Login_password&amp;apos;</message>
  <nestedLevel>1</nestedLevel>
</record>
<record>
  <date>2020-11-12T11:44:02</date>
  <millis>1605156242408</millis>
  <sequence>284</sequence>
  <level>END</level>
  <class>com.kms.katalon.core.logging.XmlKeywordLogger</class>
  <method>endKeyword</method>
  <thread>1</thread>
  <message>End action : setText(findTestObject(\&amp;quot;Login/input_Login_password\&amp;quot;), \&amp;quot;Password\&amp;quot;)</message>
  <nestedLevel>1</nestedLevel>
</record>
<record>
  <date>2020-11-12T11:44:02</date>
  <millis>1605156242409</millis>
  <sequence>285</sequence>
  <level>START</level>
  <class>com.kms.katalon.core.logging.XmlKeywordLogger</class>
  <method>startKeyword</method>
  <thread>1</thread>
  <message>Start action : click(findTestObject(\&amp;quot;Login/button_Login\&amp;quot;))</message>
  <nestedLevel>1</nestedLevel>
  <property name="startLine">27</property>
  <property name="stepIndex">5</property>
</record>
<record>
  <date>2020-11-12T11:44:02</date>
  <millis>1605156242763</millis>
  <sequence>294</sequence>
  <level>PASSED</level>
  <class>com.kms.katalon.core.logging.XmlKeywordLogger</class>
  <method>logMessage</method>
  <thread>1</thread>
  <message>Object: &amp;apos;Object Repository/Login/button_Login&amp;apos; is clicked on</message>
  <nestedLevel>1</nestedLevel>
</record>
<record>
  <date>2020-11-12T11:44:02</date>
  <millis>1605156242764</millis>
  <sequence>295</sequence>
  <level>END</level>
  <class>com.kms.katalon.core.logging.XmlKeywordLogger</class>
  <method>endKeyword</method>
  <thread>1</thread>
  <message>End action : click(findTestObject(\&amp;quot;Login/button_Login\&amp;quot;))</message>
  <nestedLevel>1</nestedLevel>
</record>
<record>
  <date>2020-11-12T11:44:02</date>
  <millis>1605156242764</millis>
  <sequence>296</sequence>
  <level>START</level>
  <class>com.kms.katalon.core.logging.XmlKeywordLogger</class>
  <method>startKeyword</method>
  <thread>1</thread>
  <message>Start action : closeBrowser()</message>
  <nestedLevel>1</nestedLevel>
  <property name="startLine">29</property>
  <property name="stepIndex">6</property>
</record>
<record>
  <date>2020-11-12T11:44:03</date>
  <millis>1605156243671</millis>
  <sequence>298</sequence>
  <level>PASSED</level>
  <class>com.kms.katalon.core.logging.XmlKeywordLogger</class>
  <method>logMessage</method>
  <thread>1</thread>
  <message>Browser is closed</message>
  <nestedLevel>1</nestedLevel>
</record>
<record>
  <date>2020-11-12T11:44:03</date>
  <millis>1605156243671</millis>
  <sequence>299</sequence>
  <level>END</level>
  <class>com.kms.katalon.core.logging.XmlKeywordLogger</class>
  <method>endKeyword</method>
  <thread>1</thread>
  <message>End action : closeBrowser()</message>
  <nestedLevel>1</nestedLevel>
</record>
<record>
  <date>2020-11-12T11:44:03</date>
  <millis>1605156243671</millis>
  <sequence>300</sequence>
  <level>PASSED</level>
  <class>com.kms.katalon.core.logging.XmlKeywordLogger</class>
  <method>logMessage</method>
  <thread>1</thread>
  <message>Test Cases/Login/Positive Case/Login Admin</message>
  <nestedLevel>1</nestedLevel>
</record>
<record>
  <date>2020-11-12T11:44:03</date>
  <millis>1605156243672</millis>
  <sequence>301</sequence>
  <level>END</level>
  <class>com.kms.katalon.core.logging.XmlKeywordLogger</class>
  <method>endTest</method>
  <thread>1</thread>
  <message>End Test Case : Test Cases/Login/Positive Case/Login Admin</message>
  <nestedLevel>0</nestedLevel>
</record>
<record>
  <date>2020-11-12T11:44:03</date>
  <millis>1605156243674</millis>
  <sequence>302</sequence>
  <level>START</level>
  <class>com.kms.katalon.core.logging.XmlKeywordLogger</class>
  <method>startKeyword</method>
  <thread>1</thread>
  <message>Start listener action : exportKatalonReports</message>
  <nestedLevel>0</nestedLevel>
</record>
<record>
  <date>2020-11-12T11:44:03</date>
  <millis>1605156243675</millis>
  <sequence>304</sequence>
  <level>INFO</level>
  <class>com.kms.katalon.core.logging.XmlKeywordLogger</class>
  <method>logMessage</method>
  <thread>1</thread>
  <message>This Katalon Studio version has been deprecated. Please upgrade Katalon Studio to the latest version.</message>
  <nestedLevel>0</nestedLevel>
</record>
<record>
  <date>2020-11-12T11:44:03</date>
  <millis>1605156243826</millis>
  <sequence>549</sequence>
  <level>INFO</level>
  <class>com.kms.katalon.core.logging.XmlKeywordLogger</class>
  <method>logMessage</method>
  <thread>1</thread>
  <message>Start generating HTML report folder at: C:\\Users\\ASUS\\git\\PijarCorpu-Automation-Web\\Reports\\20201112_114323\\Login\\Login Success\\20201112_114323...</message>
  <nestedLevel>0</nestedLevel>
</record>
<record>
  <date>2020-11-12T11:44:03</date>
  <millis>1605156243844</millis>
  <sequence>550</sequence>
  <level>INFO</level>
  <class>com.kms.katalon.core.logging.XmlKeywordLogger</class>
  <method>logMessage</method>
  <thread>1</thread>
  <message>HTML report generated</message>
  <nestedLevel>0</nestedLevel>
</record>
<record>
  <date>2020-11-12T11:44:03</date>
  <millis>1605156243844</millis>
  <sequence>551</sequence>
  <level>INFO</level>
  <class>com.kms.katalon.core.logging.XmlKeywordLogger</class>
  <method>logMessage</method>
  <thread>1</thread>
  <message>Start generating CSV report folder at: C:\\Users\\ASUS\\git\\PijarCorpu-Automation-Web\\Reports\\20201112_114323\\Login\\Login Success\\20201112_114323...</message>
  <nestedLevel>0</nestedLevel>
</record>
<record>
  <date>2020-11-12T11:44:03</date>
  <millis>1605156243863</millis>
  <sequence>552</sequence>
  <level>INFO</level>
  <class>com.kms.katalon.core.logging.XmlKeywordLogger</class>
  <method>logMessage</method>
  <thread>1</thread>
  <message>CSV report generated</message>
  <nestedLevel>0</nestedLevel>
</record>
<record>
  <date>2020-11-12T11:44:03</date>
  <millis>1605156243863</millis>
  <sequence>553</sequence>
  <level>INFO</level>
  <class>com.kms.katalon.core.logging.XmlKeywordLogger</class>
  <method>logMessage</method>
  <thread>1</thread>
  <message>Start generating JUnit report folder at: C:\\Users\\ASUS\\git\\PijarCorpu-Automation-Web\\Reports\\20201112_114323\\Login\\Login Success\\20201112_114323...</message>
  <nestedLevel>0</nestedLevel>
</record>
<record>
  <date>2020-11-12T11:44:03</date>
  <millis>1605156243974</millis>
  <sequence>554</sequence>
  <level>INFO</level>
  <class>com.kms.katalon.core.logging.XmlKeywordLogger</class>
  <method>logMessage</method>
  <thread>1</thread>
  <message>JUnit report generated</message>
  <nestedLevel>0</nestedLevel>
</record>
<record>
  <date>2020-11-12T11:44:03</date>
  <millis>1605156243974</millis>
  <sequence>555</sequence>
  <level>INFO</level>
  <class>com.kms.katalon.core.logging.XmlKeywordLogger</class>
  <method>logMessage</method>
  <thread>1</thread>
  <message>Start generating PDF report folder at: C:\\Users\\ASUS\\git\\PijarCorpu-Automation-Web\\Reports\\20201112_114323\\Login\\Login Success\\20201112_114323...</message>
  <nestedLevel>0</nestedLevel>
</record>
<record>
  <date>2020-11-12T11:44:09</date>
  <millis>1605156249030</millis>
  <sequence>556</sequence>
  <level>INFO</level>
  <class>com.kms.katalon.core.logging.XmlKeywordLogger</class>
  <method>logMessage</method>
  <thread>1</thread>
  <message>PDF report generated</message>
  <nestedLevel>0</nestedLevel>
</record>
<record>
  <date>2020-11-12T11:44:09</date>
  <millis>1605156249030</millis>
  <sequence>558</sequence>
  <level>END</level>
  <class>com.kms.katalon.core.logging.XmlKeywordLogger</class>
  <method>endKeyword</method>
  <thread>1</thread>
  <message>End listener action : exportKatalonReports</message>
  <nestedLevel>0</nestedLevel>
</record>
<record>
  <date>2020-11-12T11:44:09</date>
  <millis>1605156249078</millis>
  <sequence>559</sequence>
  <level>END</level>
  <class>com.kms.katalon.core.logging.XmlKeywordLogger</class>
  <method>endSuite</method>
  <thread>1</thread>
  <message>End Test Suite : Test Suites/Login/Login Success</message>
  <nestedLevel>0</nestedLevel>
</record>
</log>